2026-04-02 06:00:17,706 - INFO - AI原始回复: {
    "signal": "BUY",
    "reason": "短期趋势上涨，MACD看涨柱状图正且方向bullish，价格高于MA5和MA20支撑",
    "stop_loss": 67305.44,
    "take_profit": 70380.31,
    "confidence": "MEDIUM"
}
2026-04-02 06:00:17,707 - INFO - ============================================================
2026-04-02 06:00:17,707 - INFO - [AI决策] 信号: BUY, 信心: MEDIUM
2026-04-02 06:00:17,707 - INFO - [价格] $68,330.40
2026-04-02 06:00:17,707 - INFO - [理由] 短期趋势上涨，MACD看涨柱状图正且方向bullish，价格高于MA5和MA20支撑
2026-04-02 06:00:17,707 - INFO - [止损] $67,305.44
2026-04-02 06:00:17,707 - INFO - [止盈] $70,380.31
2026-04-02 06:00:17,707 - INFO - 信号统计: BUY (最近1次中出现1次)
2026-04-02 06:15:16,130 - INFO - AI原始回复: {
    "signal": "HOLD",
    "reason": "整体趋势下跌但MACD看涨背离，RSI正常(49.86)无超买超卖信号，价格位于布林带中轨未触及边界，成交量缩量(量比0.59x)且未满足至少2个入场条件，信号不足观望。",
    "stop_loss": 67163.80,
    "take_profit": 70232.20,
    "confidence": "LOW"
}
2026-04-02 06:15:16,130 - INFO - ============================================================
2026-04-02 06:15:16,130 - INFO - [AI决策] 信号: HOLD, 信心: LOW
2026-04-02 06:15:16,130 - INFO - [价格] $68,186.60
2026-04-02 06:15:16,130 - INFO - [理由] 整体趋势下跌但MACD看涨背离，RSI正常(49.86)无超买超卖信号，价格位于布林带中轨未触及边界，成交量缩量(量比0.59x)且未满足至少2个入场条件，信号不足观望。
2026-04-02 06:15:16,130 - INFO - [止损] $67,163.80
2026-04-02 06:15:16,130 - INFO - [止盈] $70,232.20
2026-04-02 06:15:16,130 - INFO - 信号统计: HOLD (最近1次中出现1次)
2026-04-02 06:30:23,665 - INFO - AI原始回复: {
    "signal": "HOLD",
    "reason": "整体趋势强势下跌但MACD显示看涨动量，RSI正常(53.98)未超买超卖，价格在布林带中轨附近，成交量正常(量比0.71x)未放大，入场条件不满足任意2条（仅MACD金叉但成交量未确认），趋势不明确，信心LOW，观望为主。",
    "stop_loss": 67124.89,
    "take_profit": 70191.51,
    "confidence": "LOW"
}
2026-04-02 06:30:23,666 - INFO - ============================================================
2026-04-02 06:30:23,666 - INFO - [AI决策] 信号: HOLD, 信心: LOW
2026-04-02 06:30:23,666 - INFO - [价格] $68,147.10
2026-04-02 06:30:23,666 - INFO - [理由] 整体趋势强势下跌但MACD显示看涨动量，RSI正常(53.98)未超买超卖，价格在布林带中轨附近，成交量正常(量比0.71x)未放大，入场条件不满足任意2条（仅MACD金叉但成交量未确认），趋势不明确，信心LOW，观望为主。
2026-04-02 06:30:23,666 - INFO - [止损] $67,124.89
2026-04-02 06:30:23,666 - INFO - [止盈] $70,191.51
2026-04-02 06:30:23,666 - INFO - 信号统计: HOLD (最近1次中出现1次)
2026-04-02 06:40:18,090 - INFO - AI原始回复: {
    "signal": "BUY",
    "reason": "短期趋势上涨，MACD柱状图正显示看涨动量，价格在布林带中轨附近提供支撑，激进模式下MACD信号可触发入场。",
    "stop_loss": 67148,
    "take_profit": 70216,
    "confidence": "MEDIUM"
}
2026-04-02 06:40:18,090 - INFO - ============================================================
2026-04-02 06:40:18,090 - INFO - [AI决策] 信号: BUY, 信心: MEDIUM
2026-04-02 06:40:18,090 - INFO - [价格] $68,170.40
2026-04-02 06:40:18,090 - INFO - [理由] 短期趋势上涨，MACD柱状图正显示看涨动量，价格在布林带中轨附近提供支撑，激进模式下MACD信号可触发入场。
2026-04-02 06:40:18,090 - INFO - [止损] $67,148.00
2026-04-02 06:40:18,090 - INFO - [止盈] $70,216.00
2026-04-02 06:40:18,090 - INFO - 信号统计: BUY (最近1次中出现1次)
2026-04-02 06:45:22,985 - INFO - AI原始回复: {
    "signal": "BUY",
    "reason": "短期趋势上涨，MACD柱状图看涨且方向bullish，价格突破前一根K线高点，符合激进策略入场条件（单个指标信号即可尝试）。",
    "stop_loss": 67184.39,
    "take_profit": 71617.88,
    "confidence": "MEDIUM"
}
2026-04-02 06:45:22,985 - INFO - ============================================================
2026-04-02 06:45:22,985 - INFO - [AI决策] 信号: BUY, 信心: MEDIUM
2026-04-02 06:45:22,985 - INFO - [价格] $68,207.50
2026-04-02 06:45:22,985 - INFO - [理由] 短期趋势上涨，MACD柱状图看涨且方向bullish，价格突破前一根K线高点，符合激进策略入场条件（单个指标信号即可尝试）。
2026-04-02 06:45:22,985 - INFO - [止损] $67,184.39
2026-04-02 06:45:22,985 - INFO - [止盈] $71,617.88
2026-04-02 06:45:22,986 - INFO - 信号统计: BUY (最近2次中出现2次)
2026-04-02 06:50:19,568 - INFO - AI原始回复: {
    "signal": "BUY",
    "reason": "MACD金叉提供明确看涨信号，柱状图转正增强动量；价格在布林带中轨附近，激进模式下抓住短期反弹机会。",
    "stop_loss": 67113.27,
    "take_profit": 70179.36,
    "confidence": "MEDIUM"
}
2026-04-02 06:50:19,568 - INFO - ============================================================
2026-04-02 06:50:19,568 - INFO - [AI决策] 信号: BUY, 信心: MEDIUM
2026-04-02 06:50:19,568 - INFO - [价格] $68,135.30
2026-04-02 06:50:19,568 - INFO - [理由] MACD金叉提供明确看涨信号，柱状图转正增强动量；价格在布林带中轨附近，激进模式下抓住短期反弹机会。
2026-04-02 06:50:19,568 - INFO - [止损] $67,113.27
2026-04-02 06:50:19,568 - INFO - [止盈] $70,179.36
2026-04-02 06:50:19,568 - INFO - 信号统计: BUY (最近3次中出现3次)
2026-04-02 06:50:19,568 - INFO - ⚠️ 注意：连续3次BUY信号
2026-04-02 06:55:23,439 - INFO - AI原始回复: {
    "signal": "BUY",
    "reason": "MACD金叉信号确认，柱状图转正至7.3516，提供短期买入机会；尽管整体趋势下跌，但激进模式优先捕捉反弹波动，RSI正常且价格在布林带中轨附近，符合入场条件。",
    "stop_loss": 67070.32,
    "take_profit": 70134.45,
    "confidence": "MEDIUM"
}
2026-04-02 06:55:23,439 - INFO - ============================================================
2026-04-02 06:55:23,439 - INFO - [AI决策] 信号: BUY, 信心: MEDIUM
2026-04-02 06:55:23,439 - INFO - [价格] $68,091.70
2026-04-02 06:55:23,439 - INFO - [理由] MACD金叉信号确认，柱状图转正至7.3516，提供短期买入机会；尽管整体趋势下跌，但激进模式优先捕捉反弹波动，RSI正常且价格在布林带中轨附近，符合入场条件。
2026-04-02 06:55:23,439 - INFO - [止损] $67,070.32
2026-04-02 06:55:23,439 - INFO - [止盈] $70,134.45
2026-04-02 06:55:23,439 - INFO - 信号统计: BUY (最近4次中出现4次)
2026-04-02 06:55:23,439 - INFO - ⚠️ 注意：连续3次BUY信号
2026-04-02 07:10:16,440 - INFO - AI原始回复: {
    "signal": "BUY",
    "reason": "短期上涨趋势，MACD金叉且柱状图看涨（+8.0380），符合激进模式入场条件。",
    "stop_loss": 67162.42,
    "take_profit": 70230.76,
    "confidence": "MEDIUM"
}
2026-04-02 07:10:16,440 - INFO - ============================================================
2026-04-02 07:10:16,440 - INFO - [AI决策] 信号: BUY, 信心: MEDIUM
2026-04-02 07:10:16,440 - INFO - [价格] $68,185.20
2026-04-02 07:10:16,440 - INFO - [理由] 短期上涨趋势，MACD金叉且柱状图看涨（+8.0380），符合激进模式入场条件。
2026-04-02 07:10:16,440 - INFO - [止损] $67,162.42
2026-04-02 07:10:16,440 - INFO - [止盈] $70,230.76
2026-04-02 07:10:16,440 - INFO - 信号统计: BUY (最近1次中出现1次)
2026-04-02 07:15:20,875 - INFO - AI原始回复: {
    "signal": "BUY",
    "reason": "整体趋势下跌但MACD柱状图看涨（6.9529），价格略高于MA5（$68,154.34），激进模式下MACD信号触发买入机会，小仓位试错捕捉潜在反弹。",
    "stop_loss": 67143.71,
    "take_profit": 70211.19,
    "confidence": "LOW"
}
2026-04-02 07:15:20,875 - INFO - ============================================================
2026-04-02 07:15:20,875 - INFO - [AI决策] 信号: BUY, 信心: LOW
2026-04-02 07:15:20,875 - INFO - [价格] $68,166.20
2026-04-02 07:15:20,875 - INFO - [理由] 整体趋势下跌但MACD柱状图看涨（6.9529），价格略高于MA5（$68,154.34），激进模式下MACD信号触发买入机会，小仓位试错捕捉潜在反弹。
2026-04-02 07:15:20,875 - INFO - [止损] $67,143.71
2026-04-02 07:15:20,875 - INFO - [止盈] $70,211.19
2026-04-02 07:15:20,875 - INFO - 信号统计: BUY (最近2次中出现2次)
2026-04-02 07:20:17,226 - INFO - AI原始回复: {
    "signal": "BUY",
    "reason": "MACD柱状图转正显示看涨动量，尽管整体趋势下跌，但激进模式允许小仓位试错捕捉短期反弹机会。",
    "stop_loss": 67065.61,
    "take_profit": 70129.51,
    "confidence": "LOW"
}
2026-04-02 07:20:17,226 - INFO - ============================================================
2026-04-02 07:20:17,226 - INFO - [AI决策] 信号: BUY, 信心: LOW
2026-04-02 07:20:17,226 - INFO - [价格] $68,086.90
2026-04-02 07:20:17,226 - INFO - [理由] MACD柱状图转正显示看涨动量，尽管整体趋势下跌，但激进模式允许小仓位试错捕捉短期反弹机会。
2026-04-02 07:20:17,226 - INFO - [止损] $67,065.61
2026-04-02 07:20:17,226 - INFO - [止盈] $70,129.51
2026-04-02 07:20:17,226 - INFO - 信号统计: BUY (最近3次中出现3次)
2026-04-02 07:20:17,226 - INFO - ⚠️ 注意：连续3次BUY信号
2026-04-02 07:25:15,867 - INFO - AI原始回复: {
    "signal": "BUY",
    "reason": "价格接近布林带下轨（23.8%位置）和支撑位$67,926.20，可能短期反弹；激进模式下，单个指标信号（价格触及布林带边缘）即可入场试错，尽管趋势下跌，但抓住反弹机会优先。",
    "stop_loss": 67035,
    "take_profit": 70097,
    "confidence": "LOW"
}
2026-04-02 07:25:15,868 - INFO - ============================================================
2026-04-02 07:25:15,868 - INFO - [AI决策] 信号: BUY, 信心: LOW
2026-04-02 07:25:15,868 - INFO - [价格] $68,055.60
2026-04-02 07:25:15,868 - INFO - [理由] 价格接近布林带下轨（23.8%位置）和支撑位$67,926.20，可能短期反弹；激进模式下，单个指标信号（价格触及布林带边缘）即可入场试错，尽管趋势下跌，但抓住反弹机会优先。
2026-04-02 07:25:15,868 - INFO - [止损] $67,035.00
2026-04-02 07:25:15,868 - INFO - [止盈] $70,097.00
2026-04-02 07:25:15,868 - INFO - 信号统计: BUY (最近1次中出现1次)
2026-04-02 07:28:31,167 - INFO - AI原始回复: {
    "signal": "BUY",
    "reason": "MACD柱状图正显示看涨信号，价格接近支撑位$67,926.20，下跌动量可能减弱，激进模式下尝试买入。",
    "stop_loss": 67061,
    "take_profit": 70125,
    "confidence": "MEDIUM"
}
2026-04-02 07:28:31,167 - INFO - ============================================================
2026-04-02 07:28:31,167 - INFO - [AI决策] 信号: BUY, 信心: MEDIUM
2026-04-02 07:28:31,167 - INFO - [价格] $68,082.60
2026-04-02 07:28:31,168 - INFO - [理由] MACD柱状图正显示看涨信号，价格接近支撑位$67,926.20，下跌动量可能减弱，激进模式下尝试买入。
2026-04-02 07:28:31,168 - INFO - [止损] $67,061.00
2026-04-02 07:28:31,168 - INFO - [止盈] $70,125.00
2026-04-02 07:28:31,168 - INFO - 信号统计: BUY (最近1次中出现1次)
