2026-04-02 05:52:24,148 - INFO - [配置保存] 策略模式已保存到.env文件: aggressive
2026-04-02 05:52:24,155 - INFO - ============================================================
2026-04-02 05:52:24,155 - INFO - [策略变更] 用户切换策略模式
2026-04-02 05:52:24,155 - INFO - [新模式] aggressive
2026-04-02 05:52:24,155 - INFO - [策略描述] 激进模式 - 高风险高收益，更频繁的交易信号
2026-04-02 05:52:24,155 - INFO - [RSI阈值] 超卖=25, 超买=75
2026-04-02 05:52:24,155 - INFO - ============================================================
2026-04-02 05:54:08,725 - INFO - [配置保存] 策略模式已保存到.env文件: aggressive
2026-04-02 05:54:08,730 - INFO - ============================================================
2026-04-02 05:54:08,731 - INFO - [策略变更] 用户切换策略模式
2026-04-02 05:54:08,731 - INFO - [新模式] aggressive
2026-04-02 05:54:08,732 - INFO - [策略描述] 激进模式 - 高风险高收益，更频繁的交易信号
2026-04-02 05:54:08,732 - INFO - [RSI阈值] 超卖=25, 超买=75
2026-04-02 05:54:08,732 - INFO - ============================================================
2026-04-02 05:54:41,951 - INFO - [配置保存] 策略模式已保存到.env文件: standard
2026-04-02 05:54:41,959 - INFO - ============================================================
2026-04-02 05:54:41,959 - INFO - [策略变更] 用户切换策略模式
2026-04-02 05:54:41,959 - INFO - [新模式] standard
2026-04-02 05:54:41,960 - INFO - [策略描述] 标准模式 - 平衡风险收益，适中的交易频率
2026-04-02 05:54:41,960 - INFO - [RSI阈值] 超卖=35, 超买=65
2026-04-02 05:54:41,960 - INFO - ============================================================
2026-04-02 05:54:48,052 - INFO - [配置保存] 策略模式已保存到.env文件: aggressive
2026-04-02 05:54:48,059 - INFO - ============================================================
2026-04-02 05:54:48,059 - INFO - [策略变更] 用户切换策略模式
2026-04-02 05:54:48,059 - INFO - [新模式] aggressive
2026-04-02 05:54:48,059 - INFO - [策略描述] 激进模式 - 高风险高收益，更频繁的交易信号
2026-04-02 05:54:48,059 - INFO - [RSI阈值] 超卖=25, 超买=75
2026-04-02 05:54:48,059 - INFO - ============================================================
2026-04-02 06:00:00,414 - INFO - ============================================================
2026-04-02 06:00:00,414 - INFO - [交易时间] 2026-04-02 06:00:00
2026-04-02 06:00:00,414 - INFO - [价格] $68,330.40
2026-04-02 06:00:00,414 - INFO - [账户] 余额: $10000.00, 持仓数: 0
2026-04-02 06:00:00,414 - INFO - [调用AI分析...]
2026-04-02 06:00:17,707 - INFO - [AI信号] BUY (信心: MEDIUM)
2026-04-02 06:00:17,707 - INFO - [AI信号] BUY (信心: MEDIUM)
2026-04-02 06:00:17,707 - INFO - [理由] 短期趋势上涨，MACD看涨柱状图正且方向bullish，价格高于MA5和MA20支撑...
2026-04-02 06:00:17,707 - INFO - [理由] 短期趋势上涨，MACD看涨柱状图正且方向bullish，价格高于MA5和MA20支撑...
2026-04-02 06:00:17,707 - INFO - 
============================================================
2026-04-02 06:00:17,707 - INFO - 
============================================================
2026-04-02 06:00:17,707 - INFO - [模拟交易] 信号: 买入, 价格: $68330.40
2026-04-02 06:00:17,707 - INFO - [模拟交易] 信号: 买入, 价格: $68330.40
2026-04-02 06:00:17,707 - INFO - [账户状态] 余额: $10000.00, 持仓数: 0
2026-04-02 06:00:17,707 - INFO - [账户状态] 余额: $10000.00, 持仓数: 0
2026-04-02 06:00:17,707 - INFO - [模拟] 开多仓: 价格=68330.40, 数量=0.01, 保证金=68.33
2026-04-02 06:00:17,707 - INFO - [模拟] 开多仓: 价格=68330.40, 数量=0.01, 保证金=68.33
2026-04-02 06:00:17,707 - INFO - [模拟] 当前持仓数: 1 (多仓1个)
2026-04-02 06:00:17,707 - INFO - [模拟] 当前持仓数: 1 (多仓1个)
2026-04-02 06:00:17,707 - INFO - ============================================================
2026-04-02 06:00:17,707 - INFO - ============================================================
2026-04-02 06:00:17,707 - INFO - [数据更新] 持仓数: 1, 未实现盈亏: $0.00
2026-04-02 06:00:17,707 - INFO - [数据更新] 持仓数: 1, 未实现盈亏: $0.00
2026-04-02 06:00:23,779 - INFO - [数据更新] 持仓数: 1, 未实现盈亏: $-0.30
2026-04-02 06:00:23,779 - INFO - [数据更新] 持仓数: 1, 未实现盈亏: $-0.30
2026-04-02 06:00:24,848 - INFO - [数据更新] 持仓数: 1, 未实现盈亏: $-0.30
2026-04-02 06:00:24,848 - INFO - [数据更新] 持仓数: 1, 未实现盈亏: $-0.30
2026-04-02 06:00:25,919 - INFO - [数据更新] 持仓数: 1, 未实现盈亏: $-0.37
2026-04-02 06:00:25,919 - INFO - [数据更新] 持仓数: 1, 未实现盈亏: $-0.37
2026-04-02 06:00:26,987 - INFO - [数据更新] 持仓数: 1, 未实现盈亏: $-0.37
2026-04-02 06:00:26,987 - INFO - [数据更新] 持仓数: 1, 未实现盈亏: $-0.37
2026-04-02 06:00:28,057 - INFO - [数据更新] 持仓数: 1, 未实现盈亏: $-0.40
2026-04-02 06:00:28,057 - INFO - [数据更新] 持仓数: 1, 未实现盈亏: $-0.40
2026-04-02 06:00:29,125 - INFO - [数据更新] 持仓数: 1, 未实现盈亏: $-0.50
2026-04-02 06:00:29,125 - INFO - [数据更新] 持仓数: 1, 未实现盈亏: $-0.50
2026-04-02 06:00:30,193 - INFO - [数据更新] 持仓数: 1, 未实现盈亏: $-0.50
2026-04-02 06:00:30,193 - INFO - [数据更新] 持仓数: 1, 未实现盈亏: $-0.50
2026-04-02 06:00:31,262 - INFO - [数据更新] 持仓数: 1, 未实现盈亏: $-0.50
2026-04-02 06:00:31,262 - INFO - [数据更新] 持仓数: 1, 未实现盈亏: $-0.50
2026-04-02 06:00:32,332 - INFO - [数据更新] 持仓数: 1, 未实现盈亏: $-0.50
2026-04-02 06:00:32,332 - INFO - [数据更新] 持仓数: 1, 未实现盈亏: $-0.50
2026-04-02 06:00:33,399 - INFO - [数据更新] 持仓数: 1, 未实现盈亏: $-0.50
2026-04-02 06:00:33,399 - INFO - [数据更新] 持仓数: 1, 未实现盈亏: $-0.50
2026-04-02 06:00:34,467 - INFO - [数据更新] 持仓数: 1, 未实现盈亏: $-0.50
2026-04-02 06:00:34,467 - INFO - [数据更新] 持仓数: 1, 未实现盈亏: $-0.50
2026-04-02 06:00:35,535 - INFO - [数据更新] 持仓数: 1, 未实现盈亏: $-0.50
2026-04-02 06:00:35,535 - INFO - [数据更新] 持仓数: 1, 未实现盈亏: $-0.50
2026-04-02 06:00:36,602 - INFO - [数据更新] 持仓数: 1, 未实现盈亏: $-0.50
2026-04-02 06:00:36,602 - INFO - [数据更新] 持仓数: 1, 未实现盈亏: $-0.50
2026-04-02 06:00:37,671 - INFO - [数据更新] 持仓数: 1, 未实现盈亏: $-0.40
2026-04-02 06:00:37,671 - INFO - [数据更新] 持仓数: 1, 未实现盈亏: $-0.40
2026-04-02 06:00:38,738 - INFO - [数据更新] 持仓数: 1, 未实现盈亏: $-0.40
2026-04-02 06:00:38,738 - INFO - [数据更新] 持仓数: 1, 未实现盈亏: $-0.40
2026-04-02 06:00:39,804 - INFO - [数据更新] 持仓数: 1, 未实现盈亏: $-0.40
2026-04-02 06:00:39,804 - INFO - [数据更新] 持仓数: 1, 未实现盈亏: $-0.40
2026-04-02 06:00:40,874 - INFO - [数据更新] 持仓数: 1, 未实现盈亏: $-0.40
2026-04-02 06:00:40,874 - INFO - [数据更新] 持仓数: 1, 未实现盈亏: $-0.40
2026-04-02 06:00:41,942 - INFO - [数据更新] 持仓数: 1, 未实现盈亏: $-0.40
2026-04-02 06:00:41,942 - INFO - [数据更新] 持仓数: 1, 未实现盈亏: $-0.40
2026-04-02 06:00:43,010 - INFO - [数据更新] 持仓数: 1, 未实现盈亏: $-0.40
2026-04-02 06:00:43,010 - INFO - [数据更新] 持仓数: 1, 未实现盈亏: $-0.40
2026-04-02 06:00:44,076 - INFO - [数据更新] 持仓数: 1, 未实现盈亏: $-0.32
2026-04-02 06:00:44,076 - INFO - [数据更新] 持仓数: 1, 未实现盈亏: $-0.32
2026-04-02 06:00:45,144 - INFO - [数据更新] 持仓数: 1, 未实现盈亏: $-0.32
2026-04-02 06:00:45,144 - INFO - [数据更新] 持仓数: 1, 未实现盈亏: $-0.32
2026-04-02 06:00:46,212 - INFO - [数据更新] 持仓数: 1, 未实现盈亏: $-0.30
2026-04-02 06:00:46,212 - INFO - [数据更新] 持仓数: 1, 未实现盈亏: $-0.30
2026-04-02 06:00:47,280 - INFO - [数据更新] 持仓数: 1, 未实现盈亏: $-0.30
2026-04-02 06:00:47,280 - INFO - [数据更新] 持仓数: 1, 未实现盈亏: $-0.30
2026-04-02 06:00:48,349 - INFO - [数据更新] 持仓数: 1, 未实现盈亏: $-0.30
2026-04-02 06:00:48,349 - INFO - [数据更新] 持仓数: 1, 未实现盈亏: $-0.30
2026-04-02 06:00:49,417 - INFO - [数据更新] 持仓数: 1, 未实现盈亏: $-0.30
2026-04-02 06:00:49,417 - INFO - [数据更新] 持仓数: 1, 未实现盈亏: $-0.30
2026-04-02 06:00:50,485 - INFO - [数据更新] 持仓数: 1, 未实现盈亏: $-0.30
2026-04-02 06:00:50,485 - INFO - [数据更新] 持仓数: 1, 未实现盈亏: $-0.30
2026-04-02 06:00:51,554 - INFO - [数据更新] 持仓数: 1, 未实现盈亏: $-0.30
2026-04-02 06:00:51,554 - INFO - [数据更新] 持仓数: 1, 未实现盈亏: $-0.30
2026-04-02 06:00:52,622 - INFO - [数据更新] 持仓数: 1, 未实现盈亏: $-0.30
2026-04-02 06:00:52,622 - INFO - [数据更新] 持仓数: 1, 未实现盈亏: $-0.30
2026-04-02 06:00:53,690 - INFO - [数据更新] 持仓数: 1, 未实现盈亏: $-0.30
2026-04-02 06:00:53,690 - INFO - [数据更新] 持仓数: 1, 未实现盈亏: $-0.30
2026-04-02 06:00:54,756 - INFO - [数据更新] 持仓数: 1, 未实现盈亏: $-0.30
2026-04-02 06:00:54,756 - INFO - [数据更新] 持仓数: 1, 未实现盈亏: $-0.30
2026-04-02 06:00:55,824 - INFO - [数据更新] 持仓数: 1, 未实现盈亏: $-0.30
2026-04-02 06:00:55,824 - INFO - [数据更新] 持仓数: 1, 未实现盈亏: $-0.30
2026-04-02 06:00:56,892 - INFO - [数据更新] 持仓数: 1, 未实现盈亏: $-0.30
2026-04-02 06:00:56,892 - INFO - [数据更新] 持仓数: 1, 未实现盈亏: $-0.30
2026-04-02 06:00:57,959 - INFO - [数据更新] 持仓数: 1, 未实现盈亏: $-0.30
2026-04-02 06:00:57,959 - INFO - [数据更新] 持仓数: 1, 未实现盈亏: $-0.30
2026-04-02 06:00:59,025 - INFO - [数据更新] 持仓数: 1, 未实现盈亏: $-0.30
2026-04-02 06:00:59,025 - INFO - [数据更新] 持仓数: 1, 未实现盈亏: $-0.30
2026-04-02 06:01:00,094 - INFO - [数据更新] 持仓数: 1, 未实现盈亏: $-0.30
2026-04-02 06:01:00,094 - INFO - [数据更新] 持仓数: 1, 未实现盈亏: $-0.30
2026-04-02 06:01:01,161 - INFO - [数据更新] 持仓数: 1, 未实现盈亏: $-0.30
2026-04-02 06:01:01,161 - INFO - [数据更新] 持仓数: 1, 未实现盈亏: $-0.30
2026-04-02 06:01:02,229 - INFO - [数据更新] 持仓数: 1, 未实现盈亏: $-0.30
2026-04-02 06:01:02,229 - INFO - [数据更新] 持仓数: 1, 未实现盈亏: $-0.30
2026-04-02 06:01:03,297 - INFO - [数据更新] 持仓数: 1, 未实现盈亏: $-0.30
2026-04-02 06:01:03,297 - INFO - [数据更新] 持仓数: 1, 未实现盈亏: $-0.30
2026-04-02 06:01:04,364 - INFO - [数据更新] 持仓数: 1, 未实现盈亏: $-0.30
2026-04-02 06:01:04,364 - INFO - [数据更新] 持仓数: 1, 未实现盈亏: $-0.30
2026-04-02 06:01:05,434 - INFO - [数据更新] 持仓数: 1, 未实现盈亏: $-0.30
2026-04-02 06:01:05,434 - INFO - [数据更新] 持仓数: 1, 未实现盈亏: $-0.30
2026-04-02 06:01:06,502 - INFO - [数据更新] 持仓数: 1, 未实现盈亏: $-0.30
2026-04-02 06:01:06,502 - INFO - [数据更新] 持仓数: 1, 未实现盈亏: $-0.30
2026-04-02 06:01:07,571 - INFO - [数据更新] 持仓数: 1, 未实现盈亏: $-0.30
2026-04-02 06:01:07,571 - INFO - [数据更新] 持仓数: 1, 未实现盈亏: $-0.30
2026-04-02 06:01:08,640 - INFO - [数据更新] 持仓数: 1, 未实现盈亏: $-0.30
2026-04-02 06:01:08,640 - INFO - [数据更新] 持仓数: 1, 未实现盈亏: $-0.30
2026-04-02 06:01:09,708 - INFO - [数据更新] 持仓数: 1, 未实现盈亏: $-0.30
2026-04-02 06:01:09,708 - INFO - [数据更新] 持仓数: 1, 未实现盈亏: $-0.30
2026-04-02 06:01:10,779 - INFO - [数据更新] 持仓数: 1, 未实现盈亏: $-0.30
2026-04-02 06:01:10,779 - INFO - [数据更新] 持仓数: 1, 未实现盈亏: $-0.30
2026-04-02 06:01:11,853 - INFO - [数据更新] 持仓数: 1, 未实现盈亏: $-0.30
2026-04-02 06:01:11,853 - INFO - [数据更新] 持仓数: 1, 未实现盈亏: $-0.30
2026-04-02 06:01:12,921 - INFO - [数据更新] 持仓数: 1, 未实现盈亏: $-0.30
2026-04-02 06:01:12,921 - INFO - [数据更新] 持仓数: 1, 未实现盈亏: $-0.30
2026-04-02 06:01:13,989 - INFO - [数据更新] 持仓数: 1, 未实现盈亏: $-0.30
2026-04-02 06:01:13,989 - INFO - [数据更新] 持仓数: 1, 未实现盈亏: $-0.30
2026-04-02 06:01:15,059 - INFO - [数据更新] 持仓数: 1, 未实现盈亏: $-0.40
2026-04-02 06:01:15,059 - INFO - [数据更新] 持仓数: 1, 未实现盈亏: $-0.40
2026-04-02 06:01:16,129 - INFO - [数据更新] 持仓数: 1, 未实现盈亏: $-0.43
2026-04-02 06:01:16,129 - INFO - [数据更新] 持仓数: 1, 未实现盈亏: $-0.43
2026-04-02 06:01:17,200 - INFO - [数据更新] 持仓数: 1, 未实现盈亏: $-0.43
2026-04-02 06:01:17,200 - INFO - [数据更新] 持仓数: 1, 未实现盈亏: $-0.43
2026-04-02 06:01:18,269 - INFO - [数据更新] 持仓数: 1, 未实现盈亏: $-0.54
2026-04-02 06:01:18,269 - INFO - [数据更新] 持仓数: 1, 未实现盈亏: $-0.54
2026-04-02 06:01:19,335 - INFO - [数据更新] 持仓数: 1, 未实现盈亏: $-0.54
2026-04-02 06:01:19,335 - INFO - [数据更新] 持仓数: 1, 未实现盈亏: $-0.54
2026-04-02 06:01:20,403 - INFO - [数据更新] 持仓数: 1, 未实现盈亏: $-0.54
2026-04-02 06:01:20,403 - INFO - [数据更新] 持仓数: 1, 未实现盈亏: $-0.54
2026-04-02 06:01:21,471 - INFO - [数据更新] 持仓数: 1, 未实现盈亏: $-0.63
2026-04-02 06:01:21,471 - INFO - [数据更新] 持仓数: 1, 未实现盈亏: $-0.63
2026-04-02 06:01:22,540 - INFO - [数据更新] 持仓数: 1, 未实现盈亏: $-0.67
2026-04-02 06:01:22,540 - INFO - [数据更新] 持仓数: 1, 未实现盈亏: $-0.67
2026-04-02 06:01:23,608 - INFO - [数据更新] 持仓数: 1, 未实现盈亏: $-0.67
2026-04-02 06:01:23,608 - INFO - [数据更新] 持仓数: 1, 未实现盈亏: $-0.67
2026-04-02 06:01:24,675 - INFO - [数据更新] 持仓数: 1, 未实现盈亏: $-0.70
2026-04-02 06:01:24,675 - INFO - [数据更新] 持仓数: 1, 未实现盈亏: $-0.70
2026-04-02 06:01:25,752 - INFO - [数据更新] 持仓数: 1, 未实现盈亏: $-0.76
2026-04-02 06:01:25,752 - INFO - [数据更新] 持仓数: 1, 未实现盈亏: $-0.76
2026-04-02 06:01:26,822 - INFO - [数据更新] 持仓数: 1, 未实现盈亏: $-0.80
2026-04-02 06:01:26,822 - INFO - [数据更新] 持仓数: 1, 未实现盈亏: $-0.80
2026-04-02 06:01:27,890 - INFO - [数据更新] 持仓数: 1, 未实现盈亏: $-0.80
2026-04-02 06:01:27,890 - INFO - [数据更新] 持仓数: 1, 未实现盈亏: $-0.80
2026-04-02 06:01:28,959 - INFO - [数据更新] 持仓数: 1, 未实现盈亏: $-0.76
2026-04-02 06:01:28,959 - INFO - [数据更新] 持仓数: 1, 未实现盈亏: $-0.76
2026-04-02 06:01:30,027 - INFO - [数据更新] 持仓数: 1, 未实现盈亏: $-0.76
2026-04-02 06:01:30,027 - INFO - [数据更新] 持仓数: 1, 未实现盈亏: $-0.76
2026-04-02 06:01:31,096 - INFO - [数据更新] 持仓数: 1, 未实现盈亏: $-0.76
2026-04-02 06:01:31,096 - INFO - [数据更新] 持仓数: 1, 未实现盈亏: $-0.76
2026-04-02 06:01:32,166 - INFO - [数据更新] 持仓数: 1, 未实现盈亏: $-0.76
2026-04-02 06:01:32,166 - INFO - [数据更新] 持仓数: 1, 未实现盈亏: $-0.76
2026-04-02 06:01:33,234 - INFO - [数据更新] 持仓数: 1, 未实现盈亏: $-0.76
2026-04-02 06:01:33,234 - INFO - [数据更新] 持仓数: 1, 未实现盈亏: $-0.76
2026-04-02 06:01:34,304 - INFO - [数据更新] 持仓数: 1, 未实现盈亏: $-0.59
2026-04-02 06:01:34,304 - INFO - [数据更新] 持仓数: 1, 未实现盈亏: $-0.59
2026-04-02 06:01:35,374 - INFO - [数据更新] 持仓数: 1, 未实现盈亏: $-0.59
2026-04-02 06:01:35,374 - INFO - [数据更新] 持仓数: 1, 未实现盈亏: $-0.59
2026-04-02 06:01:36,444 - INFO - [数据更新] 持仓数: 1, 未实现盈亏: $-0.59
2026-04-02 06:01:36,444 - INFO - [数据更新] 持仓数: 1, 未实现盈亏: $-0.59
2026-04-02 06:01:37,516 - INFO - [数据更新] 持仓数: 1, 未实现盈亏: $-0.59
2026-04-02 06:01:37,516 - INFO - [数据更新] 持仓数: 1, 未实现盈亏: $-0.59
2026-04-02 06:01:38,585 - INFO - [数据更新] 持仓数: 1, 未实现盈亏: $-0.55
2026-04-02 06:01:38,585 - INFO - [数据更新] 持仓数: 1, 未实现盈亏: $-0.55
2026-04-02 06:01:39,653 - INFO - [数据更新] 持仓数: 1, 未实现盈亏: $-0.55
2026-04-02 06:01:39,653 - INFO - [数据更新] 持仓数: 1, 未实现盈亏: $-0.55
2026-04-02 06:01:40,722 - INFO - [数据更新] 持仓数: 1, 未实现盈亏: $-0.55
2026-04-02 06:01:40,722 - INFO - [数据更新] 持仓数: 1, 未实现盈亏: $-0.55
2026-04-02 06:01:41,789 - INFO - [数据更新] 持仓数: 1, 未实现盈亏: $-0.55
2026-04-02 06:01:41,789 - INFO - [数据更新] 持仓数: 1, 未实现盈亏: $-0.55
2026-04-02 06:01:42,856 - INFO - [数据更新] 持仓数: 1, 未实现盈亏: $-0.55
2026-04-02 06:01:42,856 - INFO - [数据更新] 持仓数: 1, 未实现盈亏: $-0.55
2026-04-02 06:01:43,925 - INFO - [数据更新] 持仓数: 1, 未实现盈亏: $-0.55
2026-04-02 06:01:43,925 - INFO - [数据更新] 持仓数: 1, 未实现盈亏: $-0.55
2026-04-02 06:01:44,993 - INFO - [数据更新] 持仓数: 1, 未实现盈亏: $-0.55
2026-04-02 06:01:44,993 - INFO - [数据更新] 持仓数: 1, 未实现盈亏: $-0.55
2026-04-02 06:01:46,062 - INFO - [数据更新] 持仓数: 1, 未实现盈亏: $-0.51
2026-04-02 06:01:46,062 - INFO - [数据更新] 持仓数: 1, 未实现盈亏: $-0.51
2026-04-02 06:01:47,133 - INFO - [数据更新] 持仓数: 1, 未实现盈亏: $-0.51
2026-04-02 06:01:47,133 - INFO - [数据更新] 持仓数: 1, 未实现盈亏: $-0.51
2026-04-02 06:01:48,211 - INFO - [数据更新] 持仓数: 1, 未实现盈亏: $-0.50
2026-04-02 06:01:48,211 - INFO - [数据更新] 持仓数: 1, 未实现盈亏: $-0.50
2026-04-02 06:01:49,282 - INFO - [数据更新] 持仓数: 1, 未实现盈亏: $-0.50
2026-04-02 06:01:49,282 - INFO - [数据更新] 持仓数: 1, 未实现盈亏: $-0.50
2026-04-02 06:01:50,350 - INFO - [数据更新] 持仓数: 1, 未实现盈亏: $-0.42
2026-04-02 06:01:50,350 - INFO - [数据更新] 持仓数: 1, 未实现盈亏: $-0.42
2026-04-02 06:01:51,418 - INFO - [数据更新] 持仓数: 1, 未实现盈亏: $-0.33
2026-04-02 06:01:51,418 - INFO - [数据更新] 持仓数: 1, 未实现盈亏: $-0.33
2026-04-02 06:01:52,487 - INFO - [数据更新] 持仓数: 1, 未实现盈亏: $-0.33
2026-04-02 06:01:52,487 - INFO - [数据更新] 持仓数: 1, 未实现盈亏: $-0.33
2026-04-02 06:01:53,556 - INFO - [数据更新] 持仓数: 1, 未实现盈亏: $-0.30
2026-04-02 06:01:53,556 - INFO - [数据更新] 持仓数: 1, 未实现盈亏: $-0.30
2026-04-02 06:01:54,624 - INFO - [数据更新] 持仓数: 1, 未实现盈亏: $-0.30
2026-04-02 06:01:54,624 - INFO - [数据更新] 持仓数: 1, 未实现盈亏: $-0.30
2026-04-02 06:01:55,692 - INFO - [数据更新] 持仓数: 1, 未实现盈亏: $-0.30
2026-04-02 06:01:55,692 - INFO - [数据更新] 持仓数: 1, 未实现盈亏: $-0.30
2026-04-02 06:01:56,760 - INFO - [数据更新] 持仓数: 1, 未实现盈亏: $-0.23
2026-04-02 06:01:56,760 - INFO - [数据更新] 持仓数: 1, 未实现盈亏: $-0.23
2026-04-02 06:01:57,827 - INFO - [数据更新] 持仓数: 1, 未实现盈亏: $-0.17
2026-04-02 06:01:57,827 - INFO - [数据更新] 持仓数: 1, 未实现盈亏: $-0.17
2026-04-02 06:01:58,896 - INFO - [数据更新] 持仓数: 1, 未实现盈亏: $-0.17
2026-04-02 06:01:58,896 - INFO - [数据更新] 持仓数: 1, 未实现盈亏: $-0.17
2026-04-02 06:01:59,964 - INFO - [数据更新] 持仓数: 1, 未实现盈亏: $-0.34
2026-04-02 06:01:59,964 - INFO - [数据更新] 持仓数: 1, 未实现盈亏: $-0.34
2026-04-02 06:02:01,033 - INFO - [数据更新] 持仓数: 1, 未实现盈亏: $-0.34
2026-04-02 06:02:01,033 - INFO - [数据更新] 持仓数: 1, 未实现盈亏: $-0.34
2026-04-02 06:02:02,101 - INFO - [数据更新] 持仓数: 1, 未实现盈亏: $-0.23
2026-04-02 06:02:02,101 - INFO - [数据更新] 持仓数: 1, 未实现盈亏: $-0.23
2026-04-02 06:02:03,176 - INFO - [数据更新] 持仓数: 1, 未实现盈亏: $-0.23
2026-04-02 06:02:03,176 - INFO - [数据更新] 持仓数: 1, 未实现盈亏: $-0.23
2026-04-02 06:02:04,244 - INFO - [数据更新] 持仓数: 1, 未实现盈亏: $-0.23
2026-04-02 06:02:04,244 - INFO - [数据更新] 持仓数: 1, 未实现盈亏: $-0.23
2026-04-02 06:02:05,312 - INFO - [数据更新] 持仓数: 1, 未实现盈亏: $-0.23
2026-04-02 06:02:05,312 - INFO - [数据更新] 持仓数: 1, 未实现盈亏: $-0.23
2026-04-02 06:02:06,381 - INFO - [数据更新] 持仓数: 1, 未实现盈亏: $-0.23
2026-04-02 06:02:06,381 - INFO - [数据更新] 持仓数: 1, 未实现盈亏: $-0.23
2026-04-02 06:02:07,449 - INFO - [数据更新] 持仓数: 1, 未实现盈亏: $-0.29
2026-04-02 06:02:07,449 - INFO - [数据更新] 持仓数: 1, 未实现盈亏: $-0.29
2026-04-02 06:02:08,518 - INFO - [数据更新] 持仓数: 1, 未实现盈亏: $-0.29
2026-04-02 06:02:08,518 - INFO - [数据更新] 持仓数: 1, 未实现盈亏: $-0.29
2026-04-02 06:02:09,585 - INFO - [数据更新] 持仓数: 1, 未实现盈亏: $-0.35
2026-04-02 06:02:09,585 - INFO - [数据更新] 持仓数: 1, 未实现盈亏: $-0.35
2026-04-02 06:02:10,655 - INFO - [数据更新] 持仓数: 1, 未实现盈亏: $-0.35
2026-04-02 06:02:10,655 - INFO - [数据更新] 持仓数: 1, 未实现盈亏: $-0.35
2026-04-02 06:02:11,727 - INFO - [数据更新] 持仓数: 1, 未实现盈亏: $-0.46
2026-04-02 06:02:11,727 - INFO - [数据更新] 持仓数: 1, 未实现盈亏: $-0.46
2026-04-02 06:02:12,796 - INFO - [数据更新] 持仓数: 1, 未实现盈亏: $-0.46
2026-04-02 06:02:12,796 - INFO - [数据更新] 持仓数: 1, 未实现盈亏: $-0.46
2026-04-02 06:02:13,863 - INFO - [数据更新] 持仓数: 1, 未实现盈亏: $-0.46
2026-04-02 06:02:13,863 - INFO - [数据更新] 持仓数: 1, 未实现盈亏: $-0.46
2026-04-02 06:02:14,930 - INFO - [数据更新] 持仓数: 1, 未实现盈亏: $-0.46
2026-04-02 06:02:14,930 - INFO - [数据更新] 持仓数: 1, 未实现盈亏: $-0.46
2026-04-02 06:02:15,999 - INFO - [数据更新] 持仓数: 1, 未实现盈亏: $-0.46
2026-04-02 06:02:15,999 - INFO - [数据更新] 持仓数: 1, 未实现盈亏: $-0.46
2026-04-02 06:02:17,069 - INFO - [数据更新] 持仓数: 1, 未实现盈亏: $-0.54
2026-04-02 06:02:17,069 - INFO - [数据更新] 持仓数: 1, 未实现盈亏: $-0.54
2026-04-02 06:02:18,138 - INFO - [数据更新] 持仓数: 1, 未实现盈亏: $-0.54
2026-04-02 06:02:18,138 - INFO - [数据更新] 持仓数: 1, 未实现盈亏: $-0.54
2026-04-02 06:02:19,206 - INFO - [数据更新] 持仓数: 1, 未实现盈亏: $-0.55
2026-04-02 06:02:19,206 - INFO - [数据更新] 持仓数: 1, 未实现盈亏: $-0.55
2026-04-02 06:02:20,274 - INFO - [数据更新] 持仓数: 1, 未实现盈亏: $-0.57
2026-04-02 06:02:20,274 - INFO - [数据更新] 持仓数: 1, 未实现盈亏: $-0.57
2026-04-02 06:02:21,348 - INFO - [数据更新] 持仓数: 1, 未实现盈亏: $-0.57
2026-04-02 06:02:21,348 - INFO - [数据更新] 持仓数: 1, 未实现盈亏: $-0.57
2026-04-02 06:02:22,418 - INFO - [数据更新] 持仓数: 1, 未实现盈亏: $-0.57
2026-04-02 06:02:22,418 - INFO - [数据更新] 持仓数: 1, 未实现盈亏: $-0.57
2026-04-02 06:02:23,485 - INFO - [数据更新] 持仓数: 1, 未实现盈亏: $-0.57
2026-04-02 06:02:23,485 - INFO - [数据更新] 持仓数: 1, 未实现盈亏: $-0.57
2026-04-02 06:02:24,554 - INFO - [数据更新] 持仓数: 1, 未实现盈亏: $-0.57
2026-04-02 06:02:24,554 - INFO - [数据更新] 持仓数: 1, 未实现盈亏: $-0.57
2026-04-02 06:02:25,624 - INFO - [数据更新] 持仓数: 1, 未实现盈亏: $-0.57
2026-04-02 06:02:25,624 - INFO - [数据更新] 持仓数: 1, 未实现盈亏: $-0.57
2026-04-02 06:02:26,692 - INFO - [数据更新] 持仓数: 1, 未实现盈亏: $-0.57
2026-04-02 06:02:26,692 - INFO - [数据更新] 持仓数: 1, 未实现盈亏: $-0.57
2026-04-02 06:02:27,762 - INFO - [数据更新] 持仓数: 1, 未实现盈亏: $-0.60
2026-04-02 06:02:27,762 - INFO - [数据更新] 持仓数: 1, 未实现盈亏: $-0.60
2026-04-02 06:02:28,830 - INFO - [数据更新] 持仓数: 1, 未实现盈亏: $-0.72
2026-04-02 06:02:28,830 - INFO - [数据更新] 持仓数: 1, 未实现盈亏: $-0.72
2026-04-02 06:02:29,899 - INFO - [数据更新] 持仓数: 1, 未实现盈亏: $-0.72
2026-04-02 06:02:29,899 - INFO - [数据更新] 持仓数: 1, 未实现盈亏: $-0.72
2026-04-02 06:02:30,968 - INFO - [数据更新] 持仓数: 1, 未实现盈亏: $-0.72
2026-04-02 06:02:30,968 - INFO - [数据更新] 持仓数: 1, 未实现盈亏: $-0.72
2026-04-02 06:02:32,038 - INFO - [数据更新] 持仓数: 1, 未实现盈亏: $-0.72
2026-04-02 06:02:32,038 - INFO - [数据更新] 持仓数: 1, 未实现盈亏: $-0.72
2026-04-02 06:02:33,108 - INFO - [数据更新] 持仓数: 1, 未实现盈亏: $-0.72
2026-04-02 06:02:33,108 - INFO - [数据更新] 持仓数: 1, 未实现盈亏: $-0.72
2026-04-02 06:02:34,178 - INFO - [数据更新] 持仓数: 1, 未实现盈亏: $-0.79
2026-04-02 06:02:34,178 - INFO - [数据更新] 持仓数: 1, 未实现盈亏: $-0.79
2026-04-02 06:02:35,248 - INFO - [数据更新] 持仓数: 1, 未实现盈亏: $-0.80
2026-04-02 06:02:35,248 - INFO - [数据更新] 持仓数: 1, 未实现盈亏: $-0.80
2026-04-02 06:02:36,324 - INFO - [数据更新] 持仓数: 1, 未实现盈亏: $-0.71
2026-04-02 06:02:36,324 - INFO - [数据更新] 持仓数: 1, 未实现盈亏: $-0.71
2026-04-02 06:02:37,394 - INFO - [数据更新] 持仓数: 1, 未实现盈亏: $-0.71
2026-04-02 06:02:37,394 - INFO - [数据更新] 持仓数: 1, 未实现盈亏: $-0.71
2026-04-02 06:02:38,463 - INFO - [数据更新] 持仓数: 1, 未实现盈亏: $-0.71
2026-04-02 06:02:38,463 - INFO - [数据更新] 持仓数: 1, 未实现盈亏: $-0.71
2026-04-02 06:02:39,533 - INFO - [数据更新] 持仓数: 1, 未实现盈亏: $-0.71
2026-04-02 06:02:39,533 - INFO - [数据更新] 持仓数: 1, 未实现盈亏: $-0.71
2026-04-02 06:02:40,599 - INFO - [数据更新] 持仓数: 1, 未实现盈亏: $-0.71
2026-04-02 06:02:40,599 - INFO - [数据更新] 持仓数: 1, 未实现盈亏: $-0.71
2026-04-02 06:02:41,670 - INFO - [数据更新] 持仓数: 1, 未实现盈亏: $-0.71
2026-04-02 06:02:41,670 - INFO - [数据更新] 持仓数: 1, 未实现盈亏: $-0.71
2026-04-02 06:02:42,738 - INFO - [数据更新] 持仓数: 1, 未实现盈亏: $-0.71
2026-04-02 06:02:42,738 - INFO - [数据更新] 持仓数: 1, 未实现盈亏: $-0.71
2026-04-02 06:02:43,805 - INFO - [数据更新] 持仓数: 1, 未实现盈亏: $-0.79
2026-04-02 06:02:43,805 - INFO - [数据更新] 持仓数: 1, 未实现盈亏: $-0.79
2026-04-02 06:02:44,873 - INFO - [数据更新] 持仓数: 1, 未实现盈亏: $-0.79
2026-04-02 06:02:44,873 - INFO - [数据更新] 持仓数: 1, 未实现盈亏: $-0.79
2026-04-02 06:02:45,943 - INFO - [数据更新] 持仓数: 1, 未实现盈亏: $-0.79
2026-04-02 06:02:45,943 - INFO - [数据更新] 持仓数: 1, 未实现盈亏: $-0.79
2026-04-02 06:02:47,012 - INFO - [数据更新] 持仓数: 1, 未实现盈亏: $-0.79
2026-04-02 06:02:47,012 - INFO - [数据更新] 持仓数: 1, 未实现盈亏: $-0.79
2026-04-02 06:02:48,079 - INFO - [数据更新] 持仓数: 1, 未实现盈亏: $-0.79
2026-04-02 06:02:48,079 - INFO - [数据更新] 持仓数: 1, 未实现盈亏: $-0.79
2026-04-02 06:02:49,146 - INFO - [数据更新] 持仓数: 1, 未实现盈亏: $-0.79
2026-04-02 06:02:49,146 - INFO - [数据更新] 持仓数: 1, 未实现盈亏: $-0.79
2026-04-02 06:02:50,214 - INFO - [数据更新] 持仓数: 1, 未实现盈亏: $-0.79
2026-04-02 06:02:50,214 - INFO - [数据更新] 持仓数: 1, 未实现盈亏: $-0.79
2026-04-02 06:02:51,280 - INFO - [数据更新] 持仓数: 1, 未实现盈亏: $-0.85
2026-04-02 06:02:51,280 - INFO - [数据更新] 持仓数: 1, 未实现盈亏: $-0.85
2026-04-02 06:02:52,347 - INFO - [数据更新] 持仓数: 1, 未实现盈亏: $-0.85
2026-04-02 06:02:52,347 - INFO - [数据更新] 持仓数: 1, 未实现盈亏: $-0.85
2026-04-02 06:02:53,416 - INFO - [数据更新] 持仓数: 1, 未实现盈亏: $-0.97
2026-04-02 06:02:53,416 - INFO - [数据更新] 持仓数: 1, 未实现盈亏: $-0.97
2026-04-02 06:02:54,482 - INFO - [数据更新] 持仓数: 1, 未实现盈亏: $-0.97
2026-04-02 06:02:54,482 - INFO - [数据更新] 持仓数: 1, 未实现盈亏: $-0.97
2026-04-02 06:02:55,551 - INFO - [数据更新] 持仓数: 1, 未实现盈亏: $-0.97
2026-04-02 06:02:55,551 - INFO - [数据更新] 持仓数: 1, 未实现盈亏: $-0.97
2026-04-02 06:02:56,617 - INFO - [数据更新] 持仓数: 1, 未实现盈亏: $-0.97
2026-04-02 06:02:56,617 - INFO - [数据更新] 持仓数: 1, 未实现盈亏: $-0.97
2026-04-02 06:02:57,683 - INFO - [数据更新] 持仓数: 1, 未实现盈亏: $-0.97
2026-04-02 06:02:57,683 - INFO - [数据更新] 持仓数: 1, 未实现盈亏: $-0.97
2026-04-02 06:02:58,752 - INFO - [数据更新] 持仓数: 1, 未实现盈亏: $-0.97
2026-04-02 06:02:58,752 - INFO - [数据更新] 持仓数: 1, 未实现盈亏: $-0.97
2026-04-02 06:02:59,820 - INFO - [数据更新] 持仓数: 1, 未实现盈亏: $-0.97
2026-04-02 06:02:59,820 - INFO - [数据更新] 持仓数: 1, 未实现盈亏: $-0.97
2026-04-02 06:03:00,891 - INFO - [数据更新] 持仓数: 1, 未实现盈亏: $-0.97
2026-04-02 06:03:00,891 - INFO - [数据更新] 持仓数: 1, 未实现盈亏: $-0.97
2026-04-02 06:03:01,960 - INFO - [数据更新] 持仓数: 1, 未实现盈亏: $-0.97
2026-04-02 06:03:01,960 - INFO - [数据更新] 持仓数: 1, 未实现盈亏: $-0.97
2026-04-02 06:03:03,029 - INFO - [数据更新] 持仓数: 1, 未实现盈亏: $-0.97
2026-04-02 06:03:03,029 - INFO - [数据更新] 持仓数: 1, 未实现盈亏: $-0.97
2026-04-02 06:03:04,097 - INFO - [数据更新] 持仓数: 1, 未实现盈亏: $-0.97
2026-04-02 06:03:04,097 - INFO - [数据更新] 持仓数: 1, 未实现盈亏: $-0.97
2026-04-02 06:03:05,164 - INFO - [数据更新] 持仓数: 1, 未实现盈亏: $-0.97
2026-04-02 06:03:05,164 - INFO - [数据更新] 持仓数: 1, 未实现盈亏: $-0.97
2026-04-02 06:03:06,232 - INFO - [数据更新] 持仓数: 1, 未实现盈亏: $-0.97
2026-04-02 06:03:06,232 - INFO - [数据更新] 持仓数: 1, 未实现盈亏: $-0.97
2026-04-02 06:03:07,301 - INFO - [数据更新] 持仓数: 1, 未实现盈亏: $-0.97
2026-04-02 06:03:07,301 - INFO - [数据更新] 持仓数: 1, 未实现盈亏: $-0.97
2026-04-02 06:03:08,371 - INFO - [数据更新] 持仓数: 1, 未实现盈亏: $-1.02
2026-04-02 06:03:08,371 - INFO - [数据更新] 持仓数: 1, 未实现盈亏: $-1.02
2026-04-02 06:03:45,821 - INFO - [配置保存] 策略模式已保存到.env文件: aggressive
2026-04-02 06:03:45,828 - INFO - ============================================================
2026-04-02 06:03:45,828 - INFO - [策略变更] 用户切换策略模式
2026-04-02 06:03:45,829 - INFO - [新模式] aggressive
2026-04-02 06:03:45,829 - INFO - [策略描述] 激进模式 - 高风险高收益，更频繁的交易信号
2026-04-02 06:03:45,829 - INFO - [RSI阈值] 超卖=25, 超买=75
2026-04-02 06:03:45,830 - INFO - ============================================================
2026-04-02 06:03:53,275 - INFO - [配置保存] 策略模式已保存到.env文件: standard
2026-04-02 06:03:53,283 - INFO - ============================================================
2026-04-02 06:03:53,284 - INFO - [策略变更] 用户切换策略模式
2026-04-02 06:03:53,284 - INFO - [新模式] standard
2026-04-02 06:03:53,284 - INFO - [策略描述] 标准模式 - 平衡风险收益，适中的交易频率
2026-04-02 06:03:53,284 - INFO - [RSI阈值] 超卖=35, 超买=65
2026-04-02 06:03:53,284 - INFO - ============================================================
2026-04-02 06:03:58,986 - INFO - [配置保存] 策略模式已保存到.env文件: aggressive
2026-04-02 06:03:58,992 - INFO - ============================================================
2026-04-02 06:03:58,992 - INFO - [策略变更] 用户切换策略模式
2026-04-02 06:03:58,992 - INFO - [新模式] aggressive
2026-04-02 06:03:58,992 - INFO - [策略描述] 激进模式 - 高风险高收益，更频繁的交易信号
2026-04-02 06:03:58,992 - INFO - [RSI阈值] 超卖=25, 超买=75
2026-04-02 06:03:58,992 - INFO - ============================================================
